User fetched: Array
(
    [id] => 1
    [email] => john.doe@email.com
    [password] => Stamme13
    [created_at] => 2024-12-12 00:58:59
)
Input Password: root | DB Password: Stamme13User fetched: Array
(
    [id] => 1
    [email] => john.doe@email.com
    [password] => Stamme13
    [created_at] => 2024-12-12 00:58:59
)
Input Password: root | DB Password: Stamme13User fetched: Array
(
    [id] => 1
    [email] => john.doe@email.com
    [password] => Stamme13
    [created_at] => 2024-12-12 00:58:59
)
Input Password: root | DB Password: Stamme13User fetched: Array
(
    [id] => 1
    [email] => john.doe@email.com
    [password] => Stamme13
    [created_at] => 2024-12-12 00:58:59
)
Input Password: root | DB Password: Stamme13